INFO 2023-04-12 09:58:47,633 main > RUNING  on http://localhost:9000 
INFO 2023-04-12 09:58:52,539 main > get / 
DEBUG 2023-04-12 09:58:59,776 main > Try to send JSON 
DEBUG 2023-04-12 09:59:01,606 main > Try to send JSON 
DEBUG 2023-04-12 09:59:01,774 main > Try to send JSON 
DEBUG 2023-04-12 09:59:02,470 main > Try to send JSON 
DEBUG 2023-04-12 09:59:02,831 main > Try to send JSON 
DEBUG 2023-04-12 09:59:03,111 main > Try to send JSON 
DEBUG 2023-04-12 09:59:03,326 main > Try to send JSON 
DEBUG 2023-04-12 10:00:12,011 main > Try to send JSON 
DEBUG 2023-04-12 10:00:12,013 main > Try to send JSON 
INFO 2023-04-12 10:00:35,459 main > RUNING  on http://localhost:9000 
INFO 2023-04-12 13:02:19,074 main > RUNING  on http://localhost:9000 
INFO 2023-04-12 13:04:10,565 main > RUNING  on http://localhost:9000 
INFO 2023-04-12 13:06:41,078 main > RUNING  on http://localhost:9000 
INFO 2023-04-12 13:27:01,614 main > RUNING  on http://localhost:9000 
INFO 2023-04-12 13:27:37,073 main > RUNING  on http://localhost:9000 
INFO 2023-04-12 13:28:17,144 main > RUNING  on http://localhost:9000 
INFO 2023-04-12 13:29:49,315 main > RUNING  on http://localhost:9000 
INFO 2023-04-12 13:31:19,460 main > RUNING  on http://localhost:9000 
INFO 2023-04-12 13:55:05,093 main > RUNING  on http://localhost:9000 
INFO 2023-04-12 13:55:18,431 upload_data > Uploading file: files/Raspisanie SPO (1).json, entry point: spo 
DEBUG 2023-04-12 13:55:18,919 upload_data > Creating db model from JSON 
DEBUG 2023-04-12 13:55:18,980 upload_data > upload model to db 
ERROR 2023-04-12 13:55:22,207 main > Instance <Timetable at 0x27d530c7520> is not bound to a Session; attribute refresh operation cannot proceed (Background on this error at: https://sqlalche.me/e/20/bhk3) 
INFO 2023-04-12 13:58:20,798 main > RUNING  on http://localhost:9000 
INFO 2023-04-12 13:58:25,234 upload_data > Uploading file: files/Raspisanie SPO.json, entry point: spo 
DEBUG 2023-04-12 13:58:25,418 upload_data > Creating db model from JSON 
DEBUG 2023-04-12 13:58:25,479 upload_data > upload model to db 
ERROR 2023-04-12 13:58:26,977 main > (psycopg2.errors.UniqueViolation) ОШИБКА:  повторяющееся значение ключа нарушает ограничение уникальности "timetable_pkey"
DETAIL:  Ключ "(id)=(3)" уже существует.

[SQL: INSERT INTO timetable (entry_point, name, week_number, date_start, date_end, date_update) VALUES (%(entry_point)s, %(name)s, %(week_number)s, %(date_start)s, %(date_end)s, %(date_update)s) RETURNING timetable.id]
[parameters: {'entry_point': 'spo', 'name': '11spo', 'week_number': 11, 'date_start': '20-03-2023', 'date_end': '25-03-2023', 'date_update': datetime.datetime(2023, 4, 12, 13, 58, 25, 478823)}]
(Background on this error at: https://sqlalche.me/e/20/gkpj) 
INFO 2023-04-12 14:26:11,582 upload_data > Uploading file: files/Raspisanie SPO (1).json, entry point: spo 
DEBUG 2023-04-12 14:26:12,104 upload_data > Creating db model from JSON 
DEBUG 2023-04-12 14:26:12,164 upload_data > upload model to db 
ERROR 2023-04-12 14:26:12,489 main > Instance <Timetable at 0x20a6311a800> is not bound to a Session; attribute refresh operation cannot proceed (Background on this error at: https://sqlalche.me/e/20/bhk3) 
INFO 2023-04-12 14:28:31,153 main > RUNING  on http://localhost:9000 
INFO 2023-04-12 14:29:19,664 upload_data > Uploading file: files/Raspisanie SPO (1).json, entry point: spo 
DEBUG 2023-04-12 14:29:20,164 upload_data > Creating db model from JSON 
DEBUG 2023-04-12 14:29:20,223 upload_data > upload model to db 
DEBUG 2023-04-12 14:29:21,706 upload_data > Creating db model from JSON 
DEBUG 2023-04-12 14:29:21,766 upload_data > upload model to db 
DEBUG 2023-04-12 14:29:22,046 upload_data > Creating db model from JSON 
DEBUG 2023-04-12 14:29:22,104 upload_data > upload model to db 
DEBUG 2023-04-12 14:29:22,383 upload_data > Creating db model from JSON 
DEBUG 2023-04-12 14:29:22,488 upload_data > upload model to db 
DEBUG 2023-04-12 14:29:22,753 upload_data > Creating db model from JSON 
DEBUG 2023-04-12 14:29:22,803 upload_data > upload model to db 
DEBUG 2023-04-12 14:29:23,107 upload_data > Creating db model from JSON 
DEBUG 2023-04-12 14:29:23,150 upload_data > upload model to db 
INFO 2023-04-12 14:30:37,443 main > RUNING  on http://localhost:9000 
INFO 2023-04-12 14:30:40,660 upload_data > Uploading file: files/Raspisanie SPO (1).json, entry point: spo 
DEBUG 2023-04-12 14:30:41,146 upload_data > Creating db model from JSON 
DEBUG 2023-04-12 14:30:41,208 upload_data > upload model to db 
DEBUG 2023-04-12 14:30:43,113 upload_data > Creating db model from JSON 
DEBUG 2023-04-12 14:30:43,167 upload_data > upload model to db 
DEBUG 2023-04-12 14:30:44,850 upload_data > Creating db model from JSON 
DEBUG 2023-04-12 14:30:44,959 upload_data > upload model to db 
DEBUG 2023-04-12 14:30:46,634 upload_data > Creating db model from JSON 
DEBUG 2023-04-12 14:30:46,686 upload_data > upload model to db 
DEBUG 2023-04-12 14:30:48,297 upload_data > Creating db model from JSON 
DEBUG 2023-04-12 14:30:48,348 upload_data > upload model to db 
DEBUG 2023-04-12 14:30:49,886 upload_data > Creating db model from JSON 
DEBUG 2023-04-12 14:30:49,983 upload_data > upload model to db 
INFO 2023-04-12 14:35:47,387 main > RUNING  on http://localhost:9000 
INFO 2023-04-12 14:36:32,170 main > RUNING  on http://localhost:9000 
INFO 2023-04-12 14:36:42,193 upload_data > Uploading file: files/Raspisanie SPO (1).json, entry point: spo 
DEBUG 2023-04-12 14:36:42,687 upload_data > Creating db model from JSON 
DEBUG 2023-04-12 14:36:42,745 upload_data > upload model to db 
DEBUG 2023-04-12 14:36:44,507 upload_data > Creating db model from JSON 
DEBUG 2023-04-12 14:36:44,561 upload_data > upload model to db 
DEBUG 2023-04-12 14:36:46,318 upload_data > Creating db model from JSON 
DEBUG 2023-04-12 14:36:46,428 upload_data > upload model to db 
DEBUG 2023-04-12 14:36:48,104 upload_data > Creating db model from JSON 
DEBUG 2023-04-12 14:36:48,156 upload_data > upload model to db 
DEBUG 2023-04-12 14:36:49,763 upload_data > Creating db model from JSON 
DEBUG 2023-04-12 14:36:49,814 upload_data > upload model to db 
DEBUG 2023-04-12 14:36:51,472 upload_data > Creating db model from JSON 
DEBUG 2023-04-12 14:36:51,514 upload_data > upload model to db 
INFO 2023-04-12 14:37:24,060 main > RUNING  on http://localhost:9000 
INFO 2023-04-12 14:37:29,328 upload_data > Uploading file: files/Raspisanie SPO (1).json, entry point: spo 
DEBUG 2023-04-12 14:37:29,811 upload_data > Creating db model from JSON 
DEBUG 2023-04-12 14:37:29,868 upload_data > upload model to db 
DEBUG 2023-04-12 14:37:31,658 upload_data > Creating db model from JSON 
DEBUG 2023-04-12 14:37:31,721 upload_data > upload model to db 
DEBUG 2023-04-12 14:37:33,352 upload_data > Creating db model from JSON 
DEBUG 2023-04-12 14:37:33,468 upload_data > upload model to db 
DEBUG 2023-04-12 14:37:35,283 upload_data > Creating db model from JSON 
DEBUG 2023-04-12 14:37:35,344 upload_data > upload model to db 
DEBUG 2023-04-12 14:37:37,084 upload_data > Creating db model from JSON 
DEBUG 2023-04-12 14:37:37,139 upload_data > upload model to db 
DEBUG 2023-04-12 14:37:38,711 upload_data > Creating db model from JSON 
DEBUG 2023-04-12 14:37:38,807 upload_data > upload model to db 
INFO 2023-04-12 14:48:45,637 upload_data > Uploading file: files/Raspisanie SPO (1).json, entry point: spo 
DEBUG 2023-04-12 14:48:46,127 upload_data > Creating db model from JSON 
DEBUG 2023-04-12 14:48:46,183 upload_data > upload model to db 
DEBUG 2023-04-12 14:48:47,909 upload_data > Creating db model from JSON 
DEBUG 2023-04-12 14:48:47,965 upload_data > upload model to db 
DEBUG 2023-04-12 14:48:49,546 upload_data > Creating db model from JSON 
DEBUG 2023-04-12 14:48:49,658 upload_data > upload model to db 
DEBUG 2023-04-12 14:48:51,265 upload_data > Creating db model from JSON 
DEBUG 2023-04-12 14:48:51,326 upload_data > upload model to db 
DEBUG 2023-04-12 14:48:52,946 upload_data > Creating db model from JSON 
DEBUG 2023-04-12 14:48:53,062 upload_data > upload model to db 
DEBUG 2023-04-12 14:48:54,676 upload_data > Creating db model from JSON 
DEBUG 2023-04-12 14:48:54,721 upload_data > upload model to db 
INFO 2023-04-12 14:49:57,080 upload_data > Uploading file: files/Raspisanie SPO (1).json, entry point: spo 
DEBUG 2023-04-12 14:49:57,549 upload_data > Creating db model from JSON 
DEBUG 2023-04-12 14:49:57,604 upload_data > upload model to db 
DEBUG 2023-04-12 14:49:59,552 upload_data > Creating db model from JSON 
DEBUG 2023-04-12 14:49:59,612 upload_data > upload model to db 
DEBUG 2023-04-12 14:50:01,277 upload_data > Creating db model from JSON 
DEBUG 2023-04-12 14:50:01,335 upload_data > upload model to db 
DEBUG 2023-04-12 14:50:02,890 upload_data > Creating db model from JSON 
DEBUG 2023-04-12 14:50:02,949 upload_data > upload model to db 
DEBUG 2023-04-12 14:50:04,646 upload_data > Creating db model from JSON 
DEBUG 2023-04-12 14:50:04,696 upload_data > upload model to db 
DEBUG 2023-04-12 14:50:06,300 upload_data > Creating db model from JSON 
DEBUG 2023-04-12 14:50:06,341 upload_data > upload model to db 
INFO 2023-04-12 14:50:23,023 upload_data > Uploading file: files/Raspisanie SPO (1).json, entry point: spo 
DEBUG 2023-04-12 14:50:23,495 upload_data > Creating db model from JSON 
DEBUG 2023-04-12 14:50:23,555 upload_data > upload model to db 
DEBUG 2023-04-12 14:50:25,256 upload_data > Creating db model from JSON 
DEBUG 2023-04-12 14:50:25,312 upload_data > upload model to db 
DEBUG 2023-04-12 14:50:26,955 upload_data > Creating db model from JSON 
DEBUG 2023-04-12 14:50:27,014 upload_data > upload model to db 
DEBUG 2023-04-12 14:50:28,634 upload_data > Creating db model from JSON 
DEBUG 2023-04-12 14:50:28,687 upload_data > upload model to db 
DEBUG 2023-04-12 14:50:30,316 upload_data > Creating db model from JSON 
DEBUG 2023-04-12 14:50:30,370 upload_data > upload model to db 
DEBUG 2023-04-12 14:50:31,983 upload_data > Creating db model from JSON 
DEBUG 2023-04-12 14:50:32,028 upload_data > upload model to db 
INFO 2023-04-12 14:51:34,944 upload_data > Uploading file: files/Raspisanie SPO (1).json, entry point: spo 
DEBUG 2023-04-12 14:51:35,425 upload_data > Creating db model from JSON 
DEBUG 2023-04-12 14:51:35,481 upload_data > upload model to db 
DEBUG 2023-04-12 14:51:37,187 upload_data > Creating db model from JSON 
DEBUG 2023-04-12 14:51:37,253 upload_data > upload model to db 
DEBUG 2023-04-12 14:51:38,950 upload_data > Creating db model from JSON 
DEBUG 2023-04-12 14:51:39,004 upload_data > upload model to db 
DEBUG 2023-04-12 14:51:40,642 upload_data > Creating db model from JSON 
DEBUG 2023-04-12 14:51:40,755 upload_data > upload model to db 
DEBUG 2023-04-12 14:51:42,383 upload_data > Creating db model from JSON 
DEBUG 2023-04-12 14:51:42,434 upload_data > upload model to db 
DEBUG 2023-04-12 14:51:44,054 upload_data > Creating db model from JSON 
DEBUG 2023-04-12 14:51:44,099 upload_data > upload model to db 
INFO 2023-04-12 14:51:52,675 upload_data > Uploading file: files/Raspisanie SPO (1).json, entry point: spo 
DEBUG 2023-04-12 14:51:53,142 upload_data > Creating db model from JSON 
DEBUG 2023-04-12 14:51:53,198 upload_data > upload model to db 
DEBUG 2023-04-12 14:51:55,175 upload_data > Creating db model from JSON 
DEBUG 2023-04-12 14:51:55,227 upload_data > upload model to db 
DEBUG 2023-04-12 14:51:56,992 upload_data > Creating db model from JSON 
DEBUG 2023-04-12 14:51:57,046 upload_data > upload model to db 
DEBUG 2023-04-12 14:51:59,041 upload_data > Creating db model from JSON 
DEBUG 2023-04-12 14:51:59,149 upload_data > upload model to db 
DEBUG 2023-04-12 14:52:00,871 upload_data > Creating db model from JSON 
DEBUG 2023-04-12 14:52:00,923 upload_data > upload model to db 
DEBUG 2023-04-12 14:52:02,574 upload_data > Creating db model from JSON 
DEBUG 2023-04-12 14:52:02,618 upload_data > upload model to db 
INFO 2023-04-12 14:52:14,111 upload_data > Uploading file: files/Raspisanie SPO (1).json, entry point: spo 
DEBUG 2023-04-12 14:52:14,578 upload_data > Creating db model from JSON 
DEBUG 2023-04-12 14:52:14,634 upload_data > upload model to db 
DEBUG 2023-04-12 14:52:16,298 upload_data > Creating db model from JSON 
DEBUG 2023-04-12 14:52:16,353 upload_data > upload model to db 
DEBUG 2023-04-12 14:52:18,005 upload_data > Creating db model from JSON 
DEBUG 2023-04-12 14:52:18,060 upload_data > upload model to db 
DEBUG 2023-04-12 14:52:19,667 upload_data > Creating db model from JSON 
DEBUG 2023-04-12 14:52:19,786 upload_data > upload model to db 
DEBUG 2023-04-12 14:52:21,424 upload_data > Creating db model from JSON 
DEBUG 2023-04-12 14:52:21,476 upload_data > upload model to db 
DEBUG 2023-04-12 14:52:23,084 upload_data > Creating db model from JSON 
DEBUG 2023-04-12 14:52:23,129 upload_data > upload model to db 
INFO 2023-04-12 14:53:01,048 upload_data > Uploading file: files/Raspisanie SPO (1).json, entry point: spo 
DEBUG 2023-04-12 14:53:01,537 upload_data > Creating db model from JSON 
DEBUG 2023-04-12 14:53:01,594 upload_data > upload model to db 
DEBUG 2023-04-12 14:53:03,276 upload_data > Creating db model from JSON 
DEBUG 2023-04-12 14:53:03,331 upload_data > upload model to db 
DEBUG 2023-04-12 14:53:05,208 upload_data > Creating db model from JSON 
DEBUG 2023-04-12 14:53:05,264 upload_data > upload model to db 
DEBUG 2023-04-12 14:53:06,999 upload_data > Creating db model from JSON 
DEBUG 2023-04-12 14:53:07,114 upload_data > upload model to db 
DEBUG 2023-04-12 14:53:08,702 upload_data > Creating db model from JSON 
DEBUG 2023-04-12 14:53:08,753 upload_data > upload model to db 
DEBUG 2023-04-12 14:53:10,367 upload_data > Creating db model from JSON 
DEBUG 2023-04-12 14:53:10,412 upload_data > upload model to db 
INFO 2023-04-12 14:54:09,221 upload_data > Uploading file: files/Raspisanie SPO (1).json, entry point: spo 
DEBUG 2023-04-12 14:54:09,684 upload_data > Creating db model from JSON 
DEBUG 2023-04-12 14:54:09,741 upload_data > upload model to db 
DEBUG 2023-04-12 14:54:11,512 upload_data > Creating db model from JSON 
DEBUG 2023-04-12 14:54:11,567 upload_data > upload model to db 
DEBUG 2023-04-12 14:54:13,220 upload_data > Creating db model from JSON 
DEBUG 2023-04-12 14:54:13,328 upload_data > upload model to db 
DEBUG 2023-04-12 14:54:14,966 upload_data > Creating db model from JSON 
DEBUG 2023-04-12 14:54:15,072 upload_data > upload model to db 
DEBUG 2023-04-12 14:54:16,718 upload_data > Creating db model from JSON 
DEBUG 2023-04-12 14:54:16,770 upload_data > upload model to db 
DEBUG 2023-04-12 14:54:18,425 upload_data > Creating db model from JSON 
DEBUG 2023-04-12 14:54:18,466 upload_data > upload model to db 
INFO 2023-04-12 14:55:00,937 upload_data > Uploading file: files/Raspisanie SPO (1).json, entry point: spo 
DEBUG 2023-04-12 14:55:01,411 upload_data > Creating db model from JSON 
DEBUG 2023-04-12 14:55:01,470 upload_data > upload model to db 
DEBUG 2023-04-12 14:55:03,251 upload_data > Creating db model from JSON 
DEBUG 2023-04-12 14:55:03,316 upload_data > upload model to db 
DEBUG 2023-04-12 14:55:05,046 upload_data > Creating db model from JSON 
DEBUG 2023-04-12 14:55:05,107 upload_data > upload model to db 
DEBUG 2023-04-12 14:55:06,785 upload_data > Creating db model from JSON 
DEBUG 2023-04-12 14:55:06,901 upload_data > upload model to db 
DEBUG 2023-04-12 14:55:08,562 upload_data > Creating db model from JSON 
DEBUG 2023-04-12 14:55:08,618 upload_data > upload model to db 
DEBUG 2023-04-12 14:55:10,362 upload_data > Creating db model from JSON 
DEBUG 2023-04-12 14:55:10,409 upload_data > upload model to db 
INFO 2023-04-12 15:13:57,124 upload_data > Uploading file: files/Raspisanie ZO.json, entry point: z 
DEBUG 2023-04-12 15:13:57,289 upload_data > Creating db model from JSON 
DEBUG 2023-04-12 15:13:57,299 upload_data > upload model to db 
DEBUG 2023-04-12 15:13:57,376 upload_data > Creating db model from JSON 
DEBUG 2023-04-12 15:13:57,384 upload_data > upload model to db 
DEBUG 2023-04-12 15:13:57,413 upload_data > Creating db model from JSON 
DEBUG 2023-04-12 15:13:57,427 upload_data > upload model to db 
DEBUG 2023-04-12 15:13:57,478 upload_data > Creating db model from JSON 
DEBUG 2023-04-12 15:13:57,538 upload_data > upload model to db 
DEBUG 2023-04-12 15:13:57,670 upload_data > Creating db model from JSON 
DEBUG 2023-04-12 15:13:57,689 upload_data > upload model to db 
DEBUG 2023-04-12 15:13:57,761 upload_data > Creating db model from JSON 
DEBUG 2023-04-12 15:13:57,773 upload_data > upload model to db 
DEBUG 2023-04-12 15:13:57,819 upload_data > Creating db model from JSON 
DEBUG 2023-04-12 15:13:57,828 upload_data > upload model to db 
INFO 2023-04-12 15:14:12,501 main > get groups 
DEBUG 2023-04-12 15:14:12,504 download_data > get_groups_list() 
INFO 2023-04-12 15:14:24,924 main > get schedule for |АХ2-221-ЗБ|  
DEBUG 2023-04-12 15:14:24,933 view_generator > date='12-04-2023' 
DEBUG 2023-04-12 15:14:24,940 view_generator > date='13-04-2023' 
DEBUG 2023-04-12 15:14:25,055 view_generator > date='14-04-2023' 
DEBUG 2023-04-12 15:14:25,164 view_generator > date='15-04-2023' 
DEBUG 2023-04-12 15:14:25,170 view_generator > date='16-04-2023' 
DEBUG 2023-04-12 15:14:25,175 view_generator > date='17-04-2023' 
DEBUG 2023-04-12 15:14:25,311 view_generator > date='18-04-2023' 
DEBUG 2023-04-12 15:14:25,449 view_generator > date='19-04-2023' 
DEBUG 2023-04-12 15:14:25,590 view_generator > date='20-04-2023' 
DEBUG 2023-04-12 15:14:25,728 view_generator > date='21-04-2023' 
DEBUG 2023-04-12 15:14:25,870 view_generator > date='22-04-2023' 
DEBUG 2023-04-12 15:14:26,011 view_generator > date='23-04-2023' 
DEBUG 2023-04-12 15:14:26,174 view_generator > date='24-04-2023' 
DEBUG 2023-04-12 15:14:26,184 view_generator > date='25-04-2023' 
INFO 2023-04-12 15:14:34,182 main > get schedule for |АС2-221-ОБ|  
INFO 2023-04-12 15:16:13,181 main > RUNING  on http://localhost:9000 
INFO 2023-04-12 15:16:25,142 upload_data > Uploading file: files/Raspisanie ZO.json, entry point: spo 
DEBUG 2023-04-12 15:16:25,323 upload_data > Creating db model from JSON 
DEBUG 2023-04-12 15:16:25,335 upload_data > upload model to db 
DEBUG 2023-04-12 15:16:25,418 upload_data > Creating db model from JSON 
DEBUG 2023-04-12 15:16:25,426 upload_data > upload model to db 
DEBUG 2023-04-12 15:16:25,459 upload_data > Creating db model from JSON 
DEBUG 2023-04-12 15:16:25,475 upload_data > upload model to db 
DEBUG 2023-04-12 15:16:27,473 upload_data > Creating db model from JSON 
DEBUG 2023-04-12 15:16:27,498 upload_data > upload model to db 
DEBUG 2023-04-12 15:16:29,019 upload_data > Creating db model from JSON 
DEBUG 2023-04-12 15:16:29,038 upload_data > upload model to db 
DEBUG 2023-04-12 15:16:30,433 upload_data > Creating db model from JSON 
DEBUG 2023-04-12 15:16:30,446 upload_data > upload model to db 
DEBUG 2023-04-12 15:16:31,770 upload_data > Creating db model from JSON 
DEBUG 2023-04-12 15:16:31,780 upload_data > upload model to db 
INFO 2023-04-12 16:29:48,109 main > RUNING  on http://localhost:9000 
INFO 2023-04-12 16:30:15,635 main > get groups 
DEBUG 2023-04-12 16:30:15,640 download_data > get_groups_list() 
INFO 2023-04-12 16:30:25,327 main > get schedule for |АС2-221-ОБ|  
DEBUG 2023-04-12 16:30:25,383 view_generator > date='12-04-2023' 
DEBUG 2023-04-12 16:30:25,641 view_generator > date='13-04-2023' 
DEBUG 2023-04-12 16:30:25,773 view_generator > date='14-04-2023' 
DEBUG 2023-04-12 16:30:25,784 view_generator > date='15-04-2023' 
DEBUG 2023-04-12 16:30:25,905 view_generator > date='16-04-2023' 
DEBUG 2023-04-12 16:30:26,026 view_generator > date='17-04-2023' 
DEBUG 2023-04-12 16:30:26,154 view_generator > date='18-04-2023' 
DEBUG 2023-04-12 16:30:26,279 view_generator > date='19-04-2023' 
DEBUG 2023-04-12 16:30:26,422 view_generator > date='20-04-2023' 
DEBUG 2023-04-12 16:30:26,546 view_generator > date='21-04-2023' 
DEBUG 2023-04-12 16:30:26,557 view_generator > date='22-04-2023' 
DEBUG 2023-04-12 16:30:26,569 view_generator > date='23-04-2023' 
DEBUG 2023-04-12 16:30:26,582 view_generator > date='24-04-2023' 
DEBUG 2023-04-12 16:30:26,595 view_generator > date='25-04-2023' 
INFO 2023-04-12 16:43:26,503 main > RUNING  on http://localhost:9000 
INFO 2023-04-12 16:43:28,850 main > get / 
INFO 2023-04-12 16:45:57,907 upload_data > Uploading file: files/Raspisanie SPO (1).json, entry point: spo 
DEBUG 2023-04-12 16:45:58,404 upload_data > Creating db model from JSON 
DEBUG 2023-04-12 16:45:58,461 upload_data > upload model to db 
DEBUG 2023-04-12 16:46:01,538 upload_data > Creating db model from JSON 
DEBUG 2023-04-12 16:46:01,591 upload_data > upload model to db 
DEBUG 2023-04-12 16:46:04,509 upload_data > Creating db model from JSON 
DEBUG 2023-04-12 16:46:04,618 upload_data > upload model to db 
DEBUG 2023-04-12 16:46:07,557 upload_data > Creating db model from JSON 
DEBUG 2023-04-12 16:46:07,609 upload_data > upload model to db 
DEBUG 2023-04-12 16:46:10,843 upload_data > Creating db model from JSON 
DEBUG 2023-04-12 16:46:10,894 upload_data > upload model to db 
DEBUG 2023-04-12 16:46:13,986 upload_data > Creating db model from JSON 
DEBUG 2023-04-12 16:46:14,027 upload_data > upload model to db 
